2020-08-21 13:01:59.633 [info] <0.44.0> Application lager started on node nonode@nohost
2020-08-21 13:01:59.636 [info] <0.44.0> Application elixir_uuid started on node nonode@nohost
2020-08-21 13:01:59.642 [info] <0.44.0> Application typed_struct started on node nonode@nohost
2020-08-21 13:01:59.649 [info] <0.44.0> Application qex started on node nonode@nohost
2020-08-21 13:01:59.665 [info] <0.44.0> Application xmerl started on node nonode@nohost
2020-08-21 13:01:59.689 [info] <0.44.0> Application sasl started on node nonode@nohost
2020-08-21 13:01:59.697 [info] <0.44.0> Application tools started on node nonode@nohost
2020-08-21 13:01:59.700 [info] <0.44.0> Application jsx started on node nonode@nohost
2020-08-21 13:01:59.712 [info] <0.44.0> Application ranch started on node nonode@nohost
2020-08-21 13:01:59.717 [info] <0.44.0> Application recon started on node nonode@nohost
2020-08-21 13:01:59.757 [info] <0.44.0> Application credentials_obfuscation started on node nonode@nohost
2020-08-21 13:01:59.757 [info] <0.44.0> Application rabbit_common started on node nonode@nohost
2020-08-21 13:01:59.766 [info] <0.44.0> Application amqp_client started on node nonode@nohost
2020-08-21 13:01:59.771 [info] <0.44.0> Application amqp started on node nonode@nohost
2020-08-21 13:01:59.781 [info] <0.44.0> Application poolboy started on node nonode@nohost
2020-08-21 13:01:59.786 [info] <0.44.0> Application poison started on node nonode@nohost
2020-08-21 13:01:59.799 [info] <0.44.0> Application unicode_util_compat started on node nonode@nohost
2020-08-21 13:01:59.799 [info] <0.44.0> Application idna started on node nonode@nohost
2020-08-21 13:01:59.803 [info] <0.44.0> Application mimerl started on node nonode@nohost
2020-08-21 13:01:59.806 [info] <0.44.0> Application certifi started on node nonode@nohost
2020-08-21 13:01:59.812 [info] <0.44.0> Application parse_trans started on node nonode@nohost
2020-08-21 13:01:59.818 [info] <0.44.0> Application ssl_verify_fun started on node nonode@nohost
2020-08-21 13:01:59.822 [info] <0.44.0> Application metrics started on node nonode@nohost
2020-08-21 13:01:59.842 [info] <0.44.0> Application hackney started on node nonode@nohost
2020-08-21 13:01:59.843 [info] <0.44.0> Application instream started on node nonode@nohost
2020-08-21 13:01:59.845 [info] <0.44.0> Application money started on node nonode@nohost
2020-08-21 13:01:59.869 [info] <0.44.0> Application exchange started on node nonode@nohost
2020-08-21 13:01:59.875 [info] <0.44.0> Application cowlib started on node nonode@nohost
2020-08-21 13:01:59.885 [info] <0.44.0> Application cowboy started on node nonode@nohost
2020-08-21 13:01:59.887 [info] <0.44.0> Application plug_cowboy started on node nonode@nohost
2020-08-21 13:01:59.889 [info] <0.44.0> Application phoenix_live_view started on node nonode@nohost
2020-08-21 13:01:59.895 [info] <0.44.0> Application phoenix_live_dashboard started on node nonode@nohost
2020-08-21 13:01:59.900 [info] <0.44.0> Application file_system started on node nonode@nohost
2020-08-21 13:01:59.919 [info] <0.44.0> Application phoenix_live_reload started on node nonode@nohost
2020-08-21 13:02:00.024 [info] <0.44.0> Application exchange_api started on node nonode@nohost
2020-08-21 13:02:03.935 [error] <0.552.0> gen_server <0.552.0> terminated with reason: {#{'__exception__' => true,'__struct__' => 'Elixir.UndefinedFunctionError',arity => 0,function => order_id,message => nil,module => nil,reason => nil},[{nil,order_id,[],[]},{'Elixir.ExchangeApiWeb.OrderLive','-render/1-fun-0-',2,[{file,"lib/exchange_api_web/live/order_live.html.leex"},{line,2}]},{'Elixir.Phoenix.LiveView.Diff',traverse,5,[{file,"lib/phoenix_live_view/diff.ex"},{line,250}]},{'Elixir.Phoenix.LiveView.Diff','-traverse_dynamic/5-fun-0-',3,[{file,"lib/phoenix_live_view/diff.ex"},...]},...]}
2020-08-21 13:02:03.955 [error] <0.552.0> CRASH REPORT Process <0.552.0> with 0 neighbours crashed with reason: {#{'__exception__' => true,'__struct__' => 'Elixir.UndefinedFunctionError',arity => 0,function => order_id,message => nil,module => nil,reason => nil},[{nil,order_id,[],[]},{'Elixir.ExchangeApiWeb.OrderLive','-render/1-fun-0-',2,[{file,"lib/exchange_api_web/live/order_live.html.leex"},{line,2}]},{'Elixir.Phoenix.LiveView.Diff',traverse,5,[{file,"lib/phoenix_live_view/diff.ex"},{line,250}]},{'Elixir.Phoenix.LiveView.Diff','-traverse_dynamic/5-fun-0-',3,[{file,"lib/phoenix_live_view/diff.ex"},...]},...]}
2020-08-21 13:02:03.955 [error] <0.432.0> Supervisor {<0.432.0>,'Elixir.Supervisor.Default'} had child undefined started with {'Elixir.Phoenix.LiveView.Channel',start_link,undefined} at <0.552.0> exit with reason {#{'__exception__' => true,'__struct__' => 'Elixir.UndefinedFunctionError',arity => 0,function => order_id,message => nil,module => nil,reason => nil},[{nil,order_id,[],[]},{'Elixir.ExchangeApiWeb.OrderLive','-render/1-fun-0-',2,[{file,"lib/exchange_api_web/live/order_live.html.leex"},{line,2}]},{'Elixir.Phoenix.LiveView.Diff',traverse,5,[{file,"lib/phoenix_live_view/diff.ex"},{line,250}]},{'Elixir.Phoenix.LiveView.Diff','-traverse_dynamic/5-fun-0-',3,[{file,"lib/phoenix_live_view/diff.ex"},...]},...]} in context child_terminated
2020-08-21 13:05:40.382 [info] <0.44.0> Application lager started on node nonode@nohost
2020-08-21 13:05:40.387 [info] <0.44.0> Application elixir_uuid started on node nonode@nohost
2020-08-21 13:05:40.400 [info] <0.44.0> Application typed_struct started on node nonode@nohost
2020-08-21 13:05:40.407 [info] <0.44.0> Application qex started on node nonode@nohost
2020-08-21 13:05:40.440 [info] <0.44.0> Application xmerl started on node nonode@nohost
2020-08-21 13:05:40.474 [info] <0.44.0> Application sasl started on node nonode@nohost
2020-08-21 13:05:40.483 [info] <0.44.0> Application tools started on node nonode@nohost
2020-08-21 13:05:40.488 [info] <0.44.0> Application jsx started on node nonode@nohost
2020-08-21 13:05:40.505 [info] <0.44.0> Application ranch started on node nonode@nohost
2020-08-21 13:05:40.512 [info] <0.44.0> Application recon started on node nonode@nohost
2020-08-21 13:05:40.584 [info] <0.44.0> Application credentials_obfuscation started on node nonode@nohost
2020-08-21 13:05:40.584 [info] <0.44.0> Application rabbit_common started on node nonode@nohost
2020-08-21 13:05:40.600 [info] <0.44.0> Application amqp_client started on node nonode@nohost
2020-08-21 13:05:40.606 [info] <0.44.0> Application amqp started on node nonode@nohost
2020-08-21 13:05:40.619 [info] <0.44.0> Application poolboy started on node nonode@nohost
2020-08-21 13:05:40.623 [info] <0.44.0> Application poison started on node nonode@nohost
2020-08-21 13:05:40.644 [info] <0.44.0> Application unicode_util_compat started on node nonode@nohost
2020-08-21 13:05:40.645 [info] <0.44.0> Application idna started on node nonode@nohost
2020-08-21 13:05:40.662 [info] <0.44.0> Application mimerl started on node nonode@nohost
2020-08-21 13:05:40.672 [info] <0.44.0> Application certifi started on node nonode@nohost
2020-08-21 13:05:40.690 [info] <0.44.0> Application parse_trans started on node nonode@nohost
2020-08-21 13:05:40.707 [info] <0.44.0> Application ssl_verify_fun started on node nonode@nohost
2020-08-21 13:05:40.723 [info] <0.44.0> Application metrics started on node nonode@nohost
2020-08-21 13:05:40.757 [info] <0.44.0> Application hackney started on node nonode@nohost
2020-08-21 13:05:40.758 [info] <0.44.0> Application instream started on node nonode@nohost
2020-08-21 13:05:40.760 [info] <0.44.0> Application money started on node nonode@nohost
2020-08-21 13:05:40.792 [info] <0.44.0> Application exchange started on node nonode@nohost
2020-08-21 13:05:40.811 [info] <0.44.0> Application cowlib started on node nonode@nohost
2020-08-21 13:05:40.829 [info] <0.44.0> Application cowboy started on node nonode@nohost
2020-08-21 13:05:40.838 [info] <0.44.0> Application plug_cowboy started on node nonode@nohost
2020-08-21 13:05:40.851 [info] <0.44.0> Application phoenix_live_view started on node nonode@nohost
2020-08-21 13:05:40.856 [info] <0.44.0> Application phoenix_live_dashboard started on node nonode@nohost
2020-08-21 13:05:40.872 [info] <0.44.0> Application file_system started on node nonode@nohost
2020-08-21 13:05:40.921 [info] <0.44.0> Application phoenix_live_reload started on node nonode@nohost
2020-08-21 13:05:41.032 [info] <0.44.0> Application exchange_api started on node nonode@nohost
2020-08-21 13:05:56.720 [error] <0.590.0> CRASH REPORT Process <0.590.0> with 0 neighbours exited with reason: {{{{#{'__exception__' => true,'__struct__' => 'Elixir.ArgumentError',message => <<"argument error">>},[{erlang,binary_to_integer,[<<"10ER039584">>],[]},{'Elixir.ExchangeApiWeb.OrderLive',mount,3,[{file,"lib/exchange_api_web/live/order_live.ex"},{line,9}]},{'Elixir.Phoenix.LiveView.Utils','maybe_call_mount!',3,[{file,"lib/phoenix_live_view/utils.ex"},{line,256}]},{'Elixir.Phoenix.LiveView.Static','call_mount_and_handle_params!',5,[{file,"lib/phoenix_live_view/static.ex"},{line,302}]},{'Elixir.Phoenix.LiveView.Static',...},...]},...},...},...}
2020-08-21 13:05:56.735 [error] <0.590.0> Cowboy stream 8 with ranch listener 'Elixir.ExchangeApiWeb.Endpoint.HTTP' and connection process <0.557.0> had its request process exit with reason: {{{#{'__exception__' => true,'__struct__' => 'Elixir.ArgumentError',message => <<"argument error">>},[{erlang,binary_to_integer,[<<"10ER039584">>],[]},{'Elixir.ExchangeApiWeb.OrderLive',mount,3,[{file,"lib/exchange_api_web/live/order_live.ex"},{line,9}]},{'Elixir.Phoenix.LiveView.Utils','maybe_call_mount!',3,[{file,"lib/phoenix_live_view/utils.ex"},{line,256}]},{'Elixir.Phoenix.LiveView.Static','call_mount_and_handle_params!',5,[{file,"lib/phoenix_live_view/static.ex"},{line,302}]},{'Elixir.Phoenix.LiveView.Static',...},...]},...},...}
2020-08-21 13:07:39.651 [info] <0.44.0> Application lager started on node nonode@nohost
2020-08-21 13:07:39.654 [info] <0.44.0> Application elixir_uuid started on node nonode@nohost
2020-08-21 13:07:39.658 [info] <0.44.0> Application typed_struct started on node nonode@nohost
2020-08-21 13:07:39.665 [info] <0.44.0> Application qex started on node nonode@nohost
2020-08-21 13:07:39.674 [info] <0.44.0> Application xmerl started on node nonode@nohost
2020-08-21 13:07:39.704 [info] <0.44.0> Application sasl started on node nonode@nohost
2020-08-21 13:07:39.710 [info] <0.44.0> Application tools started on node nonode@nohost
2020-08-21 13:07:39.719 [info] <0.44.0> Application jsx started on node nonode@nohost
2020-08-21 13:07:39.730 [info] <0.44.0> Application ranch started on node nonode@nohost
2020-08-21 13:07:39.736 [info] <0.44.0> Application recon started on node nonode@nohost
2020-08-21 13:07:39.776 [info] <0.44.0> Application credentials_obfuscation started on node nonode@nohost
2020-08-21 13:07:39.776 [info] <0.44.0> Application rabbit_common started on node nonode@nohost
2020-08-21 13:07:39.783 [info] <0.44.0> Application amqp_client started on node nonode@nohost
2020-08-21 13:07:39.786 [info] <0.44.0> Application amqp started on node nonode@nohost
2020-08-21 13:07:39.792 [info] <0.44.0> Application poolboy started on node nonode@nohost
2020-08-21 13:07:39.796 [info] <0.44.0> Application poison started on node nonode@nohost
2020-08-21 13:07:39.806 [info] <0.44.0> Application unicode_util_compat started on node nonode@nohost
2020-08-21 13:07:39.806 [info] <0.44.0> Application idna started on node nonode@nohost
2020-08-21 13:07:39.810 [info] <0.44.0> Application mimerl started on node nonode@nohost
2020-08-21 13:07:39.816 [info] <0.44.0> Application certifi started on node nonode@nohost
2020-08-21 13:07:39.822 [info] <0.44.0> Application parse_trans started on node nonode@nohost
2020-08-21 13:07:39.825 [info] <0.44.0> Application ssl_verify_fun started on node nonode@nohost
2020-08-21 13:07:39.837 [info] <0.44.0> Application metrics started on node nonode@nohost
2020-08-21 13:07:39.863 [info] <0.44.0> Application hackney started on node nonode@nohost
2020-08-21 13:07:39.864 [info] <0.44.0> Application instream started on node nonode@nohost
2020-08-21 13:07:39.866 [info] <0.44.0> Application money started on node nonode@nohost
2020-08-21 13:07:39.891 [info] <0.44.0> Application exchange started on node nonode@nohost
2020-08-21 13:07:39.901 [info] <0.44.0> Application cowlib started on node nonode@nohost
2020-08-21 13:07:39.908 [info] <0.44.0> Application cowboy started on node nonode@nohost
2020-08-21 13:07:39.910 [info] <0.44.0> Application plug_cowboy started on node nonode@nohost
2020-08-21 13:07:39.914 [info] <0.44.0> Application phoenix_live_view started on node nonode@nohost
2020-08-21 13:07:39.921 [info] <0.44.0> Application phoenix_live_dashboard started on node nonode@nohost
2020-08-21 13:07:39.925 [info] <0.44.0> Application file_system started on node nonode@nohost
2020-08-21 13:07:39.947 [info] <0.44.0> Application phoenix_live_reload started on node nonode@nohost
2020-08-21 13:07:40.034 [info] <0.44.0> Application exchange_api started on node nonode@nohost
2020-08-21 13:08:04.136 [info] <0.44.0> Application lager started on node nonode@nohost
2020-08-21 13:08:04.142 [info] <0.44.0> Application elixir_uuid started on node nonode@nohost
2020-08-21 13:08:04.152 [info] <0.44.0> Application typed_struct started on node nonode@nohost
2020-08-21 13:08:04.160 [info] <0.44.0> Application qex started on node nonode@nohost
2020-08-21 13:08:04.183 [info] <0.44.0> Application xmerl started on node nonode@nohost
2020-08-21 13:08:04.215 [info] <0.44.0> Application sasl started on node nonode@nohost
2020-08-21 13:08:04.230 [info] <0.44.0> Application tools started on node nonode@nohost
2020-08-21 13:08:04.234 [info] <0.44.0> Application jsx started on node nonode@nohost
2020-08-21 13:08:04.261 [info] <0.44.0> Application ranch started on node nonode@nohost
2020-08-21 13:08:04.266 [info] <0.44.0> Application recon started on node nonode@nohost
2020-08-21 13:08:04.325 [info] <0.44.0> Application credentials_obfuscation started on node nonode@nohost
2020-08-21 13:08:04.325 [info] <0.44.0> Application rabbit_common started on node nonode@nohost
2020-08-21 13:08:04.339 [info] <0.44.0> Application amqp_client started on node nonode@nohost
2020-08-21 13:08:04.343 [info] <0.44.0> Application amqp started on node nonode@nohost
2020-08-21 13:08:04.362 [info] <0.44.0> Application poolboy started on node nonode@nohost
2020-08-21 13:08:04.377 [info] <0.44.0> Application poison started on node nonode@nohost
2020-08-21 13:08:04.403 [info] <0.44.0> Application unicode_util_compat started on node nonode@nohost
2020-08-21 13:08:04.406 [info] <0.44.0> Application idna started on node nonode@nohost
2020-08-21 13:08:04.432 [info] <0.44.0> Application mimerl started on node nonode@nohost
2020-08-21 13:08:04.442 [info] <0.44.0> Application certifi started on node nonode@nohost
2020-08-21 13:08:04.458 [info] <0.44.0> Application parse_trans started on node nonode@nohost
2020-08-21 13:08:04.469 [info] <0.44.0> Application ssl_verify_fun started on node nonode@nohost
2020-08-21 13:08:04.483 [info] <0.44.0> Application metrics started on node nonode@nohost
2020-08-21 13:08:04.522 [info] <0.44.0> Application hackney started on node nonode@nohost
2020-08-21 13:08:04.522 [info] <0.44.0> Application instream started on node nonode@nohost
2020-08-21 13:08:04.530 [info] <0.44.0> Application money started on node nonode@nohost
2020-08-21 13:08:04.580 [info] <0.44.0> Application exchange started on node nonode@nohost
2020-08-21 13:08:04.667 [info] <0.44.0> Application cowlib started on node nonode@nohost
2020-08-21 13:08:04.679 [info] <0.44.0> Application cowboy started on node nonode@nohost
2020-08-21 13:08:04.682 [info] <0.44.0> Application plug_cowboy started on node nonode@nohost
2020-08-21 13:08:04.685 [info] <0.44.0> Application phoenix_live_view started on node nonode@nohost
2020-08-21 13:08:04.691 [info] <0.44.0> Application phoenix_live_dashboard started on node nonode@nohost
2020-08-21 13:08:04.705 [info] <0.44.0> Application file_system started on node nonode@nohost
2020-08-21 13:08:04.731 [info] <0.44.0> Application phoenix_live_reload started on node nonode@nohost
2020-08-21 13:08:04.836 [info] <0.44.0> Application exchange_api started on node nonode@nohost
2020-08-21 13:08:46.582 [info] <0.44.0> Application lager started on node nonode@nohost
2020-08-21 13:08:46.588 [info] <0.44.0> Application elixir_uuid started on node nonode@nohost
2020-08-21 13:08:46.593 [info] <0.44.0> Application typed_struct started on node nonode@nohost
2020-08-21 13:08:46.601 [info] <0.44.0> Application qex started on node nonode@nohost
2020-08-21 13:08:46.616 [info] <0.44.0> Application xmerl started on node nonode@nohost
2020-08-21 13:08:46.660 [info] <0.44.0> Application sasl started on node nonode@nohost
2020-08-21 13:08:46.673 [info] <0.44.0> Application tools started on node nonode@nohost
2020-08-21 13:08:46.677 [info] <0.44.0> Application jsx started on node nonode@nohost
2020-08-21 13:08:46.697 [info] <0.44.0> Application ranch started on node nonode@nohost
2020-08-21 13:08:46.709 [info] <0.44.0> Application recon started on node nonode@nohost
2020-08-21 13:08:46.769 [info] <0.44.0> Application credentials_obfuscation started on node nonode@nohost
2020-08-21 13:08:46.769 [info] <0.44.0> Application rabbit_common started on node nonode@nohost
2020-08-21 13:08:46.785 [info] <0.44.0> Application amqp_client started on node nonode@nohost
2020-08-21 13:08:46.793 [info] <0.44.0> Application amqp started on node nonode@nohost
2020-08-21 13:08:46.812 [info] <0.44.0> Application poolboy started on node nonode@nohost
2020-08-21 13:08:46.829 [info] <0.44.0> Application poison started on node nonode@nohost
2020-08-21 13:08:46.852 [info] <0.44.0> Application unicode_util_compat started on node nonode@nohost
2020-08-21 13:08:46.852 [info] <0.44.0> Application idna started on node nonode@nohost
2020-08-21 13:08:46.878 [info] <0.44.0> Application mimerl started on node nonode@nohost
2020-08-21 13:08:46.893 [info] <0.44.0> Application certifi started on node nonode@nohost
2020-08-21 13:08:46.912 [info] <0.44.0> Application parse_trans started on node nonode@nohost
2020-08-21 13:08:46.924 [info] <0.44.0> Application ssl_verify_fun started on node nonode@nohost
2020-08-21 13:08:46.939 [info] <0.44.0> Application metrics started on node nonode@nohost
2020-08-21 13:08:46.984 [info] <0.44.0> Application hackney started on node nonode@nohost
2020-08-21 13:08:46.984 [info] <0.44.0> Application instream started on node nonode@nohost
2020-08-21 13:08:46.986 [info] <0.44.0> Application money started on node nonode@nohost
2020-08-21 13:08:47.012 [info] <0.44.0> Application exchange started on node nonode@nohost
2020-08-21 13:08:47.033 [info] <0.44.0> Application cowlib started on node nonode@nohost
2020-08-21 13:08:47.055 [info] <0.44.0> Application cowboy started on node nonode@nohost
2020-08-21 13:08:47.057 [info] <0.44.0> Application plug_cowboy started on node nonode@nohost
2020-08-21 13:08:47.077 [info] <0.44.0> Application phoenix_live_view started on node nonode@nohost
2020-08-21 13:08:47.089 [info] <0.44.0> Application phoenix_live_dashboard started on node nonode@nohost
2020-08-21 13:08:47.096 [info] <0.44.0> Application file_system started on node nonode@nohost
2020-08-21 13:08:47.129 [info] <0.44.0> Application phoenix_live_reload started on node nonode@nohost
2020-08-21 13:08:47.206 [info] <0.44.0> Application exchange_api started on node nonode@nohost
